2019-03-03 16:44:31,050-BasePage-INFO-输入内容Euler
2019-03-03 16:44:31,216-BasePage-INFO-输入内容zhu1234..
2019-03-03 16:44:31,328-BasePage-INFO-点击:登录
2019-03-03 16:44:34,986-BasePage-INFO-点击:默认版块
2019-03-03 16:44:35,233-BasePage-INFO-输入内容我的帖子标题
2019-03-03 16:44:35,456-BasePage-INFO-输入内容我的帖子内容
2019-03-03 16:44:37,324-BasePage-INFO-点击:发帖
2019-03-03 16:44:52,490-BasePage-INFO-输入内容回复我的帖子
2019-03-03 16:44:53,067-BasePage-INFO-点击:回复
2019-03-03 16:44:58,428-BasePage-INFO-点击:退出
2019-03-03 16:45:10,042-BasePage-INFO-输入内容admin
2019-03-03 16:45:10,202-BasePage-INFO-输入内容123456
2019-03-03 16:45:10,338-BasePage-INFO-点击:登录
2019-03-03 16:45:13,647-BasePage-INFO-点击:管理中心
2019-03-03 16:45:41,536-BasePage-INFO-点击:论坛
2019-03-03 16:45:41,882-BasePage-INFO-点击:添加新版块
2019-03-03 16:45:42,013-BasePage-INFO-清空所有内容
2019-03-03 16:45:42,208-BasePage-INFO-输入内容版块2
2019-03-03 16:45:42,682-BasePage-INFO-点击:提交
2019-03-03 16:45:43,348-BasePage-INFO-点击:退出
2019-03-03 16:45:46,761-BasePage-INFO-点击:退出
2019-03-03 16:45:50,004-BasePage-INFO-输入内容Euler
2019-03-03 16:45:50,260-BasePage-INFO-输入内容zhu1234..
2019-03-03 16:45:50,456-BasePage-INFO-点击:登录
2019-03-03 16:45:54,074-BasePage-INFO-点击:版块2
2019-03-03 16:45:54,463-BasePage-INFO-输入内容我的帖子标题
2019-03-03 16:45:54,736-BasePage-INFO-输入内容我的帖子内容
2019-03-03 16:45:56,463-BasePage-INFO-点击:发帖
2019-03-03 16:46:11,671-BasePage-INFO-输入内容回复我的帖子
2019-03-03 16:46:12,332-BasePage-INFO-点击:回复
2019-03-03 16:46:17,772-BasePage-INFO-点击:退出
2019-03-03 16:46:29,362-BasePage-INFO-输入内容Euler
2019-03-03 16:46:29,662-BasePage-INFO-输入内容zhu1234..
2019-03-03 16:46:29,852-BasePage-INFO-点击:登录
2019-03-03 16:46:33,102-BasePage-INFO-输入内容haotest
2019-03-03 16:46:33,360-BasePage-INFO-点击:搜索
2019-03-03 16:46:41,841-BasePage-INFO-点击:退出
2019-03-03 16:46:53,107-BasePage-INFO-输入内容Euler
2019-03-03 16:46:53,347-BasePage-INFO-输入内容zhu1234..
2019-03-03 16:46:53,507-BasePage-INFO-点击:登录
2019-03-03 16:46:57,105-BasePage-INFO-点击:默认版块
2019-03-03 16:46:57,920-BasePage-INFO-点击:发贴
2019-03-03 16:46:58,874-BasePage-INFO-点击:发起投票
2019-03-03 16:46:59,181-BasePage-INFO-输入内容喜欢的宠物
2019-03-03 16:46:59,427-BasePage-INFO-输入内容猫
2019-03-03 16:46:59,645-BasePage-INFO-输入内容狗
2019-03-03 16:46:59,865-BasePage-INFO-输入内容猪
2019-03-03 16:47:00,106-BasePage-INFO-点击:发起投票
2019-03-03 16:47:01,951-BasePage-INFO-点击:猫
2019-03-03 16:47:03,124-BasePage-INFO-点击:提交
2019-03-03 16:47:09,057-BasePage-INFO-点击:退出
