2019-03-03 14:13:02,140-BasePage-INFO-输入内容admin
2019-03-03 14:13:02,330-BasePage-INFO-输入内容123456
2019-03-03 14:13:02,467-BasePage-INFO-点击:登录
2019-03-03 14:13:05,710-BasePage-INFO-点击:管理中心
2019-03-03 14:13:33,094-BasePage-INFO-点击:论坛
2019-03-03 14:13:33,486-BasePage-INFO-点击:添加新版块
2019-03-03 14:13:33,654-BasePage-INFO-清空所有内容
2019-03-03 14:13:33,911-BasePage-INFO-输入内容版块2
2019-03-03 14:13:34,524-BasePage-INFO-点击:提交
2019-03-03 14:13:35,404-BasePage-INFO-点击:退出
2019-03-03 14:13:38,985-BasePage-INFO-点击:退出
2019-03-03 14:13:42,205-BasePage-INFO-输入内容Euler
2019-03-03 14:13:42,444-BasePage-INFO-输入内容zhu1234..
2019-03-03 14:13:42,620-BasePage-INFO-点击:登录
2019-03-03 14:13:46,153-BasePage-INFO-点击:版块2
2019-03-03 14:13:46,494-BasePage-INFO-输入内容我的帖子标题
2019-03-03 14:13:46,753-BasePage-INFO-输入内容我的帖子内容
2019-03-03 14:13:48,463-BasePage-INFO-点击:发帖
2019-03-03 14:14:03,714-BasePage-INFO-输入内容回复我的帖子
2019-03-03 14:14:04,260-BasePage-INFO-点击:回复
2019-03-03 14:14:09,748-BasePage-INFO-点击:退出
