2019-03-03 13:59:57,262-BasePage-INFO-输入内容admin
2019-03-03 13:59:57,475-BasePage-INFO-输入内容123456
2019-03-03 13:59:57,633-BasePage-INFO-点击:登录
2019-03-03 14:00:00,865-BasePage-INFO-点击:管理中心
2019-03-03 14:00:02,228-BasePage-INFO-点击:论坛
2019-03-03 14:00:02,838-BasePage-INFO-点击:添加新版块
2019-03-03 14:00:02,955-BasePage-INFO-清空所有内容
2019-03-03 14:00:03,110-BasePage-INFO-输入内容版块2
2019-03-03 14:00:03,584-BasePage-INFO-点击:提交
2019-03-03 14:00:04,118-BasePage-INFO-点击:退出
2019-03-03 14:00:07,509-BasePage-INFO-点击:退出
2019-03-03 14:00:10,727-BasePage-INFO-输入内容Euler
2019-03-03 14:00:11,000-BasePage-INFO-输入内容zhu1234..
2019-03-03 14:00:11,183-BasePage-INFO-点击:登录
2019-03-03 14:00:14,721-BasePage-INFO-点击:默认版块
2019-03-03 14:00:15,043-BasePage-INFO-输入内容我的帖子标题
2019-03-03 14:00:15,257-BasePage-INFO-输入内容我的帖子内容
2019-03-03 14:00:16,859-BasePage-INFO-点击:发帖
2019-03-03 14:00:32,077-BasePage-INFO-输入内容回复我的帖子
2019-03-03 14:00:32,679-BasePage-INFO-点击:回复
2019-03-03 14:00:38,093-BasePage-INFO-点击:退出
